build/app/intermediates/manifest_merge_blame_file/debug/manifest-merger-blame-debug-report.txt
1<?xml version="1.0" encoding="utf-8"?>
2<manifest xmlns:android="http://schemas.android.com/apk/res/android"
3    package="com.example.notification_integration"
4    android:versionCode="1"
5    android:versionName="1.0.0" >
6
7    <uses-sdk
8        android:minSdkVersion="16"
9        android:targetSdkVersion="31" />
10    <!--
11         Flutter needs it to communicate with the running application
12         to allow setting breakpoints, to provide hot reload, etc.
13    -->
14    <uses-permission android:name="android.permission.INTERNET" />
14-->src\debug\AndroidManifest.xml:6:5-66
14-->src\debug\AndroidManifest.xml:6:22-64
15    <!-- Create a unique permission for your app and use it so only your app can receive your OneSignal messages. -->
16    <permission
16-->[com.onesignal:OneSignal:4.6.2] AndroidManifest.xml:7:5-9:47
17        android:name="com.example.notification_integration.permission.C2D_MESSAGE"
17-->[com.onesignal:OneSignal:4.6.2] AndroidManifest.xml:8:9-63
18        android:protectionLevel="signature" />
18-->[com.onesignal:OneSignal:4.6.2] AndroidManifest.xml:9:9-44
19
20    <uses-permission android:name="com.example.notification_integration.permission.C2D_MESSAGE" /> <!-- c2dm RECEIVE are basic requirements for push messages through Google's FCM -->
20-->[com.onesignal:OneSignal:4.6.2] AndroidManifest.xml:11:5-79
20-->[com.onesignal:OneSignal:4.6.2] AndroidManifest.xml:11:22-76
21    <uses-permission android:name="com.google.android.c2dm.permission.RECEIVE" /> <!-- Required, makes sure notifications are delivered on time. -->
21-->[com.onesignal:OneSignal:4.6.2] AndroidManifest.xml:17:5-82
21-->[com.onesignal:OneSignal:4.6.2] AndroidManifest.xml:17:22-79
22    <uses-permission android:name="android.permission.WAKE_LOCK" />
22-->[com.onesignal:OneSignal:4.6.2] AndroidManifest.xml:18:5-68
22-->[com.onesignal:OneSignal:4.6.2] AndroidManifest.xml:18:22-65
23    <!--
24 Required so the device vibrates on receiving a push notification.
25         Vibration settings of the device still apply.
26    -->
27    <uses-permission android:name="android.permission.VIBRATE" />
27-->[com.onesignal:OneSignal:4.6.2] AndroidManifest.xml:23:5-66
27-->[com.onesignal:OneSignal:4.6.2] AndroidManifest.xml:23:22-63
28    <uses-permission android:name="android.permission.ACCESS_NETWORK_STATE" />
28-->[com.onesignal:OneSignal:4.6.2] AndroidManifest.xml:24:5-79
28-->[com.onesignal:OneSignal:4.6.2] AndroidManifest.xml:24:22-76
29    <!--
30 Use to restore notifications the user hasn't interacted with.
31         They could be missed notifications if the user reboots their device if this isn't in place.
32    -->
33    <uses-permission android:name="android.permission.RECEIVE_BOOT_COMPLETED" /> <!-- START: ShortcutBadger -->
33-->[com.onesignal:OneSignal:4.6.2] AndroidManifest.xml:29:5-81
33-->[com.onesignal:OneSignal:4.6.2] AndroidManifest.xml:29:22-78
34    <!-- Samsung -->
35    <uses-permission android:name="com.sec.android.provider.badge.permission.READ" />
35-->[com.onesignal:OneSignal:4.6.2] AndroidManifest.xml:31:5-86
35-->[com.onesignal:OneSignal:4.6.2] AndroidManifest.xml:31:22-83
36    <uses-permission android:name="com.sec.android.provider.badge.permission.WRITE" /> <!-- HTC -->
36-->[com.onesignal:OneSignal:4.6.2] AndroidManifest.xml:32:5-87
36-->[com.onesignal:OneSignal:4.6.2] AndroidManifest.xml:32:22-84
37    <uses-permission android:name="com.htc.launcher.permission.READ_SETTINGS" />
37-->[com.onesignal:OneSignal:4.6.2] AndroidManifest.xml:33:5-81
37-->[com.onesignal:OneSignal:4.6.2] AndroidManifest.xml:33:22-78
38    <uses-permission android:name="com.htc.launcher.permission.UPDATE_SHORTCUT" /> <!-- Sony -->
38-->[com.onesignal:OneSignal:4.6.2] AndroidManifest.xml:34:5-83
38-->[com.onesignal:OneSignal:4.6.2] AndroidManifest.xml:34:22-80
39    <uses-permission android:name="com.sonyericsson.home.permission.BROADCAST_BADGE" />
39-->[com.onesignal:OneSignal:4.6.2] AndroidManifest.xml:35:5-88
39-->[com.onesignal:OneSignal:4.6.2] AndroidManifest.xml:35:22-85
40    <uses-permission android:name="com.sonymobile.home.permission.PROVIDER_INSERT_BADGE" /> <!-- Apex -->
40-->[com.onesignal:OneSignal:4.6.2] AndroidManifest.xml:36:5-92
40-->[com.onesignal:OneSignal:4.6.2] AndroidManifest.xml:36:22-89
41    <uses-permission android:name="com.anddoes.launcher.permission.UPDATE_COUNT" /> <!-- Solid -->
41-->[com.onesignal:OneSignal:4.6.2] AndroidManifest.xml:37:5-84
41-->[com.onesignal:OneSignal:4.6.2] AndroidManifest.xml:37:22-81
42    <uses-permission android:name="com.majeur.launcher.permission.UPDATE_BADGE" /> <!-- Huawei -->
42-->[com.onesignal:OneSignal:4.6.2] AndroidManifest.xml:38:5-83
42-->[com.onesignal:OneSignal:4.6.2] AndroidManifest.xml:38:22-80
43    <uses-permission android:name="com.huawei.android.launcher.permission.CHANGE_BADGE" />
43-->[com.onesignal:OneSignal:4.6.2] AndroidManifest.xml:39:5-91
43-->[com.onesignal:OneSignal:4.6.2] AndroidManifest.xml:39:22-88
44    <uses-permission android:name="com.huawei.android.launcher.permission.READ_SETTINGS" />
44-->[com.onesignal:OneSignal:4.6.2] AndroidManifest.xml:40:5-92
44-->[com.onesignal:OneSignal:4.6.2] AndroidManifest.xml:40:22-89
45    <uses-permission android:name="com.huawei.android.launcher.permission.WRITE_SETTINGS" /> <!-- ZUK -->
45-->[com.onesignal:OneSignal:4.6.2] AndroidManifest.xml:41:5-93
45-->[com.onesignal:OneSignal:4.6.2] AndroidManifest.xml:41:22-90
46    <uses-permission android:name="android.permission.READ_APP_BADGE" /> <!-- OPPO -->
46-->[com.onesignal:OneSignal:4.6.2] AndroidManifest.xml:42:5-73
46-->[com.onesignal:OneSignal:4.6.2] AndroidManifest.xml:42:22-70
47    <uses-permission android:name="com.oppo.launcher.permission.READ_SETTINGS" />
47-->[com.onesignal:OneSignal:4.6.2] AndroidManifest.xml:43:5-82
47-->[com.onesignal:OneSignal:4.6.2] AndroidManifest.xml:43:22-79
48    <uses-permission android:name="com.oppo.launcher.permission.WRITE_SETTINGS" /> <!-- EvMe -->
48-->[com.onesignal:OneSignal:4.6.2] AndroidManifest.xml:44:5-83
48-->[com.onesignal:OneSignal:4.6.2] AndroidManifest.xml:44:22-80
49    <uses-permission android:name="me.everything.badger.permission.BADGE_COUNT_READ" />
49-->[com.onesignal:OneSignal:4.6.2] AndroidManifest.xml:45:5-88
49-->[com.onesignal:OneSignal:4.6.2] AndroidManifest.xml:45:22-85
50    <uses-permission android:name="me.everything.badger.permission.BADGE_COUNT_WRITE" />
50-->[com.onesignal:OneSignal:4.6.2] AndroidManifest.xml:46:5-89
50-->[com.onesignal:OneSignal:4.6.2] AndroidManifest.xml:46:22-86
51    <uses-permission android:name="android.permission.FOREGROUND_SERVICE" />
51-->[androidx.work:work-runtime:2.7.0] AndroidManifest.xml:28:5-77
51-->[androidx.work:work-runtime:2.7.0] AndroidManifest.xml:28:22-74
52
53    <application
53-->src\main\AndroidManifest.xml:3:4-40:19
54        android:appComponentFactory="androidx.core.app.CoreComponentFactory"
54-->[androidx.core:core:1.6.0] AndroidManifest.xml:24:18-86
55        android:debuggable="true"
56        android:icon="@mipmap/ic_launcher"
56-->src\main\AndroidManifest.xml:5:9-43
57        android:label="notification_integration" >
57-->src\main\AndroidManifest.xml:4:9-49
58        <activity
58-->src\main\AndroidManifest.xml:6:9-34:20
59            android:name="com.example.notification_integration.MainActivity"
59-->src\main\AndroidManifest.xml:7:13-41
60            android:configChanges="orientation|keyboardHidden|keyboard|screenSize|smallestScreenSize|locale|layoutDirection|fontScale|screenLayout|density|uiMode"
60-->src\main\AndroidManifest.xml:10:13-163
61            android:hardwareAccelerated="true"
61-->src\main\AndroidManifest.xml:11:13-47
62            android:launchMode="singleTop"
62-->src\main\AndroidManifest.xml:8:13-43
63            android:theme="@style/LaunchTheme"
63-->src\main\AndroidManifest.xml:9:13-47
64            android:windowSoftInputMode="adjustResize" >
64-->src\main\AndroidManifest.xml:12:13-55
65
66            <!--
67                 Specifies an Android theme to apply to this Activity as soon as
68                 the Android process has started. This theme is visible to the user
69                 while the Flutter UI initializes. After that, this theme continues
70                 to determine the Window background behind the Flutter UI.
71            -->
72            <meta-data
72-->src\main\AndroidManifest.xml:17:13-20:17
73                android:name="io.flutter.embedding.android.NormalTheme"
73-->src\main\AndroidManifest.xml:18:15-70
74                android:resource="@style/NormalTheme" />
74-->src\main\AndroidManifest.xml:19:15-52
75            <!--
76                 Displays an Android View that continues showing the launch screen
77                 Drawable until Flutter paints its first frame, then this splash
78                 screen fades out. A splash screen is useful to avoid any visual
79                 gap between the end of Android's launch screen and the painting of
80                 Flutter's first frame.
81            -->
82            <meta-data
82-->src\main\AndroidManifest.xml:26:13-29:17
83                android:name="io.flutter.embedding.android.SplashScreenDrawable"
83-->src\main\AndroidManifest.xml:27:15-79
84                android:resource="@drawable/launch_background" />
84-->src\main\AndroidManifest.xml:28:15-61
85
86            <intent-filter>
86-->src\main\AndroidManifest.xml:30:13-33:29
87                <action android:name="android.intent.action.MAIN" />
87-->src\main\AndroidManifest.xml:31:17-68
87-->src\main\AndroidManifest.xml:31:25-66
88
89                <category android:name="android.intent.category.LAUNCHER" />
89-->src\main\AndroidManifest.xml:32:17-76
89-->src\main\AndroidManifest.xml:32:27-74
90            </intent-filter>
91        </activity>
92        <!--
93             Don't delete the meta-data below.
94             This is used by the Flutter tool to generate GeneratedPluginRegistrant.java
95        -->
96        <meta-data
96-->src\main\AndroidManifest.xml:37:9-39:33
97            android:name="flutterEmbedding"
97-->src\main\AndroidManifest.xml:38:13-44
98            android:value="2" />
98-->src\main\AndroidManifest.xml:39:13-30
99
100        <receiver
100-->[com.onesignal:OneSignal:4.6.2] AndroidManifest.xml:49:9-60:20
101            android:name="com.onesignal.FCMBroadcastReceiver"
101-->[com.onesignal:OneSignal:4.6.2] AndroidManifest.xml:50:13-62
102            android:exported="true"
102-->[com.onesignal:OneSignal:4.6.2] AndroidManifest.xml:51:13-36
103            android:permission="com.google.android.c2dm.permission.SEND" >
103-->[com.onesignal:OneSignal:4.6.2] AndroidManifest.xml:52:13-73
104
105            <!-- High priority so OneSignal payloads can be filtered from other FCM receivers -->
106            <intent-filter android:priority="999" >
106-->[com.onesignal:OneSignal:4.6.2] AndroidManifest.xml:55:13-59:29
106-->[com.onesignal:OneSignal:4.6.2] AndroidManifest.xml:55:28-50
107                <action android:name="com.google.android.c2dm.intent.RECEIVE" />
107-->[com.onesignal:OneSignal:4.6.2] AndroidManifest.xml:56:17-81
107-->[com.onesignal:OneSignal:4.6.2] AndroidManifest.xml:56:25-78
108
109                <category android:name="com.example.notification_integration" />
109-->[com.onesignal:OneSignal:4.6.2] AndroidManifest.xml:58:17-61
109-->[com.onesignal:OneSignal:4.6.2] AndroidManifest.xml:58:27-58
110            </intent-filter>
111        </receiver>
112
113        <service
113-->[com.onesignal:OneSignal:4.6.2] AndroidManifest.xml:62:9-68:19
114            android:name="com.onesignal.HmsMessageServiceOneSignal"
114-->[com.onesignal:OneSignal:4.6.2] AndroidManifest.xml:63:13-68
115            android:exported="false" >
115-->[com.onesignal:OneSignal:4.6.2] AndroidManifest.xml:64:13-37
116            <intent-filter>
116-->[com.onesignal:OneSignal:4.6.2] AndroidManifest.xml:65:13-67:29
117                <action android:name="com.huawei.push.action.MESSAGING_EVENT" />
117-->[com.onesignal:OneSignal:4.6.2] AndroidManifest.xml:66:17-81
117-->[com.onesignal:OneSignal:4.6.2] AndroidManifest.xml:66:25-78
118            </intent-filter>
119        </service>
120
121        <activity
121-->[com.onesignal:OneSignal:4.6.2] AndroidManifest.xml:70:9-78:20
122            android:name="com.onesignal.NotificationOpenedActivityHMS"
122-->[com.onesignal:OneSignal:4.6.2] AndroidManifest.xml:71:13-71
123            android:exported="true"
123-->[com.onesignal:OneSignal:4.6.2] AndroidManifest.xml:72:13-36
124            android:noHistory="true"
124-->[com.onesignal:OneSignal:4.6.2] AndroidManifest.xml:73:13-37
125            android:theme="@android:style/Theme.Translucent.NoTitleBar" >
125-->[com.onesignal:OneSignal:4.6.2] AndroidManifest.xml:74:13-72
126            <intent-filter>
126-->[com.onesignal:OneSignal:4.6.2] AndroidManifest.xml:75:13-77:29
127                <action android:name="android.intent.action.VIEW" />
127-->[com.onesignal:OneSignal:4.6.2] AndroidManifest.xml:76:17-69
127-->[com.onesignal:OneSignal:4.6.2] AndroidManifest.xml:76:25-66
128            </intent-filter>
129        </activity>
130
131        <service
131-->[com.onesignal:OneSignal:4.6.2] AndroidManifest.xml:80:9-82:40
132            android:name="com.onesignal.FCMIntentService"
132-->[com.onesignal:OneSignal:4.6.2] AndroidManifest.xml:81:13-58
133            android:exported="false" />
133-->[com.onesignal:OneSignal:4.6.2] AndroidManifest.xml:82:13-37
134        <service
134-->[com.onesignal:OneSignal:4.6.2] AndroidManifest.xml:83:9-86:72
135            android:name="com.onesignal.FCMIntentJobService"
135-->[com.onesignal:OneSignal:4.6.2] AndroidManifest.xml:84:13-61
136            android:exported="false"
136-->[com.onesignal:OneSignal:4.6.2] AndroidManifest.xml:85:13-37
137            android:permission="android.permission.BIND_JOB_SERVICE" />
137-->[com.onesignal:OneSignal:4.6.2] AndroidManifest.xml:86:13-69
138        <service
138-->[com.onesignal:OneSignal:4.6.2] AndroidManifest.xml:87:9-90:43
139            android:name="com.onesignal.FocusDelaySyncService"
139-->[com.onesignal:OneSignal:4.6.2] AndroidManifest.xml:88:13-63
140            android:exported="false"
140-->[com.onesignal:OneSignal:4.6.2] AndroidManifest.xml:89:13-37
141            android:stopWithTask="true" />
141-->[com.onesignal:OneSignal:4.6.2] AndroidManifest.xml:90:13-40
142        <service
142-->[com.onesignal:OneSignal:4.6.2] AndroidManifest.xml:91:9-94:72
143            android:name="com.onesignal.FocusDelaySyncJobService"
143-->[com.onesignal:OneSignal:4.6.2] AndroidManifest.xml:92:13-66
144            android:exported="false"
144-->[com.onesignal:OneSignal:4.6.2] AndroidManifest.xml:93:13-37
145            android:permission="android.permission.BIND_JOB_SERVICE" />
145-->[com.onesignal:OneSignal:4.6.2] AndroidManifest.xml:94:13-69
146        <service
146-->[com.onesignal:OneSignal:4.6.2] AndroidManifest.xml:95:9-98:43
147            android:name="com.onesignal.SyncService"
147-->[com.onesignal:OneSignal:4.6.2] AndroidManifest.xml:96:13-53
148            android:exported="false"
148-->[com.onesignal:OneSignal:4.6.2] AndroidManifest.xml:97:13-37
149            android:stopWithTask="true" />
149-->[com.onesignal:OneSignal:4.6.2] AndroidManifest.xml:98:13-40
150        <service
150-->[com.onesignal:OneSignal:4.6.2] AndroidManifest.xml:99:9-102:72
151            android:name="com.onesignal.SyncJobService"
151-->[com.onesignal:OneSignal:4.6.2] AndroidManifest.xml:100:13-56
152            android:exported="false"
152-->[com.onesignal:OneSignal:4.6.2] AndroidManifest.xml:101:13-37
153            android:permission="android.permission.BIND_JOB_SERVICE" />
153-->[com.onesignal:OneSignal:4.6.2] AndroidManifest.xml:102:13-69
154
155        <activity
155-->[com.onesignal:OneSignal:4.6.2] AndroidManifest.xml:104:9-107:75
156            android:name="com.onesignal.PermissionsActivity"
156-->[com.onesignal:OneSignal:4.6.2] AndroidManifest.xml:105:13-61
157            android:exported="false"
157-->[com.onesignal:OneSignal:4.6.2] AndroidManifest.xml:106:13-37
158            android:theme="@android:style/Theme.Translucent.NoTitleBar" />
158-->[com.onesignal:OneSignal:4.6.2] AndroidManifest.xml:107:13-72
159
160        <receiver
160-->[com.onesignal:OneSignal:4.6.2] AndroidManifest.xml:109:9-111:39
161            android:name="com.onesignal.NotificationDismissReceiver"
161-->[com.onesignal:OneSignal:4.6.2] AndroidManifest.xml:110:13-69
162            android:exported="true" />
162-->[com.onesignal:OneSignal:4.6.2] AndroidManifest.xml:111:13-36
163        <receiver
163-->[com.onesignal:OneSignal:4.6.2] AndroidManifest.xml:112:9-119:20
164            android:name="com.onesignal.BootUpReceiver"
164-->[com.onesignal:OneSignal:4.6.2] AndroidManifest.xml:113:13-56
165            android:exported="true" >
165-->[com.onesignal:OneSignal:4.6.2] AndroidManifest.xml:114:13-36
166            <intent-filter>
166-->[com.onesignal:OneSignal:4.6.2] AndroidManifest.xml:115:13-118:29
167                <action android:name="android.intent.action.BOOT_COMPLETED" />
167-->[com.onesignal:OneSignal:4.6.2] AndroidManifest.xml:116:17-79
167-->[com.onesignal:OneSignal:4.6.2] AndroidManifest.xml:116:25-76
168                <action android:name="android.intent.action.QUICKBOOT_POWERON" />
168-->[com.onesignal:OneSignal:4.6.2] AndroidManifest.xml:117:17-82
168-->[com.onesignal:OneSignal:4.6.2] AndroidManifest.xml:117:25-79
169            </intent-filter>
170        </receiver>
171        <receiver
171-->[com.onesignal:OneSignal:4.6.2] AndroidManifest.xml:120:9-126:20
172            android:name="com.onesignal.UpgradeReceiver"
172-->[com.onesignal:OneSignal:4.6.2] AndroidManifest.xml:121:13-57
173            android:exported="true" >
173-->[com.onesignal:OneSignal:4.6.2] AndroidManifest.xml:122:13-36
174            <intent-filter>
174-->[com.onesignal:OneSignal:4.6.2] AndroidManifest.xml:123:13-125:29
175                <action android:name="android.intent.action.MY_PACKAGE_REPLACED" />
175-->[com.onesignal:OneSignal:4.6.2] AndroidManifest.xml:124:17-84
175-->[com.onesignal:OneSignal:4.6.2] AndroidManifest.xml:124:25-81
176            </intent-filter>
177        </receiver>
178
179        <activity
179-->[com.onesignal:OneSignal:4.6.2] AndroidManifest.xml:128:9-134:75
180            android:name="com.onesignal.NotificationOpenedReceiver"
180-->[com.onesignal:OneSignal:4.6.2] AndroidManifest.xml:129:13-68
181            android:excludeFromRecents="true"
181-->[com.onesignal:OneSignal:4.6.2] AndroidManifest.xml:130:13-46
182            android:exported="true"
182-->[com.onesignal:OneSignal:4.6.2] AndroidManifest.xml:131:13-36
183            android:noHistory="true"
183-->[com.onesignal:OneSignal:4.6.2] AndroidManifest.xml:132:13-37
184            android:taskAffinity=""
184-->[com.onesignal:OneSignal:4.6.2] AndroidManifest.xml:133:13-36
185            android:theme="@android:style/Theme.Translucent.NoTitleBar" />
185-->[com.onesignal:OneSignal:4.6.2] AndroidManifest.xml:134:13-72
186        <activity
186-->[com.onesignal:OneSignal:4.6.2] AndroidManifest.xml:135:9-140:75
187            android:name="com.onesignal.NotificationOpenedReceiverAndroid22AndOlder"
187-->[com.onesignal:OneSignal:4.6.2] AndroidManifest.xml:136:13-85
188            android:excludeFromRecents="true"
188-->[com.onesignal:OneSignal:4.6.2] AndroidManifest.xml:137:13-46
189            android:exported="true"
189-->[com.onesignal:OneSignal:4.6.2] AndroidManifest.xml:138:13-36
190            android:noHistory="true"
190-->[com.onesignal:OneSignal:4.6.2] AndroidManifest.xml:139:13-37
191            android:theme="@android:style/Theme.Translucent.NoTitleBar" />
191-->[com.onesignal:OneSignal:4.6.2] AndroidManifest.xml:140:13-72
192
193        <receiver
193-->[com.google.firebase:firebase-messaging:22.0.0] AndroidManifest.xml:28:9-35:20
194            android:name="com.google.firebase.iid.FirebaseInstanceIdReceiver"
194-->[com.google.firebase:firebase-messaging:22.0.0] AndroidManifest.xml:29:13-78
195            android:exported="true"
195-->[com.google.firebase:firebase-messaging:22.0.0] AndroidManifest.xml:30:13-36
196            android:permission="com.google.android.c2dm.permission.SEND" >
196-->[com.google.firebase:firebase-messaging:22.0.0] AndroidManifest.xml:31:13-73
197            <intent-filter>
197-->[com.google.firebase:firebase-messaging:22.0.0] AndroidManifest.xml:32:13-34:29
198                <action android:name="com.google.android.c2dm.intent.RECEIVE" />
198-->[com.onesignal:OneSignal:4.6.2] AndroidManifest.xml:56:17-81
198-->[com.onesignal:OneSignal:4.6.2] AndroidManifest.xml:56:25-78
199            </intent-filter>
200        </receiver>
201        <!--
202             FirebaseMessagingService performs security checks at runtime,
203             but set to not exported to explicitly avoid allowing another app to call it.
204        -->
205        <service
205-->[com.google.firebase:firebase-messaging:22.0.0] AndroidManifest.xml:41:9-48:19
206            android:name="com.google.firebase.messaging.FirebaseMessagingService"
206-->[com.google.firebase:firebase-messaging:22.0.0] AndroidManifest.xml:42:13-82
207            android:directBootAware="true"
207-->[com.google.firebase:firebase-messaging:22.0.0] AndroidManifest.xml:43:13-43
208            android:exported="false" >
208-->[com.google.firebase:firebase-messaging:22.0.0] AndroidManifest.xml:44:13-37
209            <intent-filter android:priority="-500" >
209-->[com.google.firebase:firebase-messaging:22.0.0] AndroidManifest.xml:45:13-47:29
209-->[com.google.firebase:firebase-messaging:22.0.0] AndroidManifest.xml:45:28-51
210                <action android:name="com.google.firebase.MESSAGING_EVENT" />
210-->[com.google.firebase:firebase-messaging:22.0.0] AndroidManifest.xml:46:17-78
210-->[com.google.firebase:firebase-messaging:22.0.0] AndroidManifest.xml:46:25-75
211            </intent-filter>
212        </service>
213        <service
213-->[com.google.firebase:firebase-messaging:22.0.0] AndroidManifest.xml:49:9-55:19
214            android:name="com.google.firebase.components.ComponentDiscoveryService"
214-->[com.google.firebase:firebase-messaging:22.0.0] AndroidManifest.xml:50:13-84
215            android:directBootAware="true"
215-->[com.google.firebase:firebase-common:20.0.0] AndroidManifest.xml:35:13-43
216            android:exported="false" >
216-->[com.google.firebase:firebase-messaging:22.0.0] AndroidManifest.xml:51:13-37
217            <meta-data
217-->[com.google.firebase:firebase-messaging:22.0.0] AndroidManifest.xml:52:13-54:85
218                android:name="com.google.firebase.components:com.google.firebase.messaging.FirebaseMessagingRegistrar"
218-->[com.google.firebase:firebase-messaging:22.0.0] AndroidManifest.xml:53:17-119
219                android:value="com.google.firebase.components.ComponentRegistrar" />
219-->[com.google.firebase:firebase-messaging:22.0.0] AndroidManifest.xml:54:17-82
220            <meta-data
220-->[com.google.firebase:firebase-datatransport:18.0.0] AndroidManifest.xml:28:13-30:85
221                android:name="com.google.firebase.components:com.google.firebase.datatransport.TransportRegistrar"
221-->[com.google.firebase:firebase-datatransport:18.0.0] AndroidManifest.xml:29:17-115
222                android:value="com.google.firebase.components.ComponentRegistrar" />
222-->[com.google.firebase:firebase-datatransport:18.0.0] AndroidManifest.xml:30:17-82
223            <meta-data
223-->[com.google.firebase:firebase-installations:17.0.0] AndroidManifest.xml:18:13-20:85
224                android:name="com.google.firebase.components:com.google.firebase.installations.FirebaseInstallationsRegistrar"
224-->[com.google.firebase:firebase-installations:17.0.0] AndroidManifest.xml:19:17-127
225                android:value="com.google.firebase.components.ComponentRegistrar" />
225-->[com.google.firebase:firebase-installations:17.0.0] AndroidManifest.xml:20:17-82
226        </service>
227
228        <provider
228-->[androidx.work:work-runtime:2.7.0] AndroidManifest.xml:31:9-39:20
229            android:name="androidx.startup.InitializationProvider"
229-->[androidx.work:work-runtime:2.7.0] AndroidManifest.xml:32:13-67
230            android:authorities="com.example.notification_integration.androidx-startup"
230-->[androidx.work:work-runtime:2.7.0] AndroidManifest.xml:33:13-68
231            android:exported="false" >
231-->[androidx.work:work-runtime:2.7.0] AndroidManifest.xml:34:13-37
232            <meta-data
232-->[androidx.work:work-runtime:2.7.0] AndroidManifest.xml:36:13-38:52
233                android:name="androidx.work.WorkManagerInitializer"
233-->[androidx.work:work-runtime:2.7.0] AndroidManifest.xml:37:17-68
234                android:value="androidx.startup" />
234-->[androidx.work:work-runtime:2.7.0] AndroidManifest.xml:38:17-49
235        </provider>
236
237        <service
237-->[androidx.work:work-runtime:2.7.0] AndroidManifest.xml:41:9-46:35
238            android:name="androidx.work.impl.background.systemalarm.SystemAlarmService"
238-->[androidx.work:work-runtime:2.7.0] AndroidManifest.xml:42:13-88
239            android:directBootAware="false"
239-->[androidx.work:work-runtime:2.7.0] AndroidManifest.xml:43:13-44
240            android:enabled="@bool/enable_system_alarm_service_default"
240-->[androidx.work:work-runtime:2.7.0] AndroidManifest.xml:44:13-72
241            android:exported="false" />
241-->[androidx.work:work-runtime:2.7.0] AndroidManifest.xml:45:13-37
242        <service
242-->[androidx.work:work-runtime:2.7.0] AndroidManifest.xml:47:9-53:35
243            android:name="androidx.work.impl.background.systemjob.SystemJobService"
243-->[androidx.work:work-runtime:2.7.0] AndroidManifest.xml:48:13-84
244            android:directBootAware="false"
244-->[androidx.work:work-runtime:2.7.0] AndroidManifest.xml:49:13-44
245            android:enabled="@bool/enable_system_job_service_default"
245-->[androidx.work:work-runtime:2.7.0] AndroidManifest.xml:50:13-70
246            android:exported="true"
246-->[androidx.work:work-runtime:2.7.0] AndroidManifest.xml:51:13-36
247            android:permission="android.permission.BIND_JOB_SERVICE" />
247-->[androidx.work:work-runtime:2.7.0] AndroidManifest.xml:52:13-69
248        <service
248-->[androidx.work:work-runtime:2.7.0] AndroidManifest.xml:54:9-59:35
249            android:name="androidx.work.impl.foreground.SystemForegroundService"
249-->[androidx.work:work-runtime:2.7.0] AndroidManifest.xml:55:13-81
250            android:directBootAware="false"
250-->[androidx.work:work-runtime:2.7.0] AndroidManifest.xml:56:13-44
251            android:enabled="@bool/enable_system_foreground_service_default"
251-->[androidx.work:work-runtime:2.7.0] AndroidManifest.xml:57:13-77
252            android:exported="false" />
252-->[androidx.work:work-runtime:2.7.0] AndroidManifest.xml:58:13-37
253
254        <receiver
254-->[androidx.work:work-runtime:2.7.0] AndroidManifest.xml:61:9-66:35
255            android:name="androidx.work.impl.utils.ForceStopRunnable$BroadcastReceiver"
255-->[androidx.work:work-runtime:2.7.0] AndroidManifest.xml:62:13-88
256            android:directBootAware="false"
256-->[androidx.work:work-runtime:2.7.0] AndroidManifest.xml:63:13-44
257            android:enabled="true"
257-->[androidx.work:work-runtime:2.7.0] AndroidManifest.xml:64:13-35
258            android:exported="false" />
258-->[androidx.work:work-runtime:2.7.0] AndroidManifest.xml:65:13-37
259        <receiver
259-->[androidx.work:work-runtime:2.7.0] AndroidManifest.xml:67:9-77:20
260            android:name="androidx.work.impl.background.systemalarm.ConstraintProxy$BatteryChargingProxy"
260-->[androidx.work:work-runtime:2.7.0] AndroidManifest.xml:68:13-106
261            android:directBootAware="false"
261-->[androidx.work:work-runtime:2.7.0] AndroidManifest.xml:69:13-44
262            android:enabled="false"
262-->[androidx.work:work-runtime:2.7.0] AndroidManifest.xml:70:13-36
263            android:exported="false" >
263-->[androidx.work:work-runtime:2.7.0] AndroidManifest.xml:71:13-37
264            <intent-filter>
264-->[androidx.work:work-runtime:2.7.0] AndroidManifest.xml:73:13-76:29
265                <action android:name="android.intent.action.ACTION_POWER_CONNECTED" />
265-->[androidx.work:work-runtime:2.7.0] AndroidManifest.xml:74:17-87
265-->[androidx.work:work-runtime:2.7.0] AndroidManifest.xml:74:25-84
266                <action android:name="android.intent.action.ACTION_POWER_DISCONNECTED" />
266-->[androidx.work:work-runtime:2.7.0] AndroidManifest.xml:75:17-90
266-->[androidx.work:work-runtime:2.7.0] AndroidManifest.xml:75:25-87
267            </intent-filter>
268        </receiver>
269        <receiver
269-->[androidx.work:work-runtime:2.7.0] AndroidManifest.xml:78:9-88:20
270            android:name="androidx.work.impl.background.systemalarm.ConstraintProxy$BatteryNotLowProxy"
270-->[androidx.work:work-runtime:2.7.0] AndroidManifest.xml:79:13-104
271            android:directBootAware="false"
271-->[androidx.work:work-runtime:2.7.0] AndroidManifest.xml:80:13-44
272            android:enabled="false"
272-->[androidx.work:work-runtime:2.7.0] AndroidManifest.xml:81:13-36
273            android:exported="false" >
273-->[androidx.work:work-runtime:2.7.0] AndroidManifest.xml:82:13-37
274            <intent-filter>
274-->[androidx.work:work-runtime:2.7.0] AndroidManifest.xml:84:13-87:29
275                <action android:name="android.intent.action.BATTERY_OKAY" />
275-->[androidx.work:work-runtime:2.7.0] AndroidManifest.xml:85:17-77
275-->[androidx.work:work-runtime:2.7.0] AndroidManifest.xml:85:25-74
276                <action android:name="android.intent.action.BATTERY_LOW" />
276-->[androidx.work:work-runtime:2.7.0] AndroidManifest.xml:86:17-76
276-->[androidx.work:work-runtime:2.7.0] AndroidManifest.xml:86:25-73
277            </intent-filter>
278        </receiver>
279        <receiver